<?xml version="1.0" encoding="UTF-8"?><testsuite errors="1" failures="0" name="Feature del Background para la pagina Flores de Lujo" skipped="0" tests="1" time="20.31" timestamp="2021-06-17 12:55:07"><testcase name="Buscar el producto con el filtrador de Flores de Lujo"><error message="No such field models.Producto.arreglo" type="cucumber.runtime.CucumberException">No such field models.Producto.arreglo</error><system-err>No such field models.Producto.arreglo&#13;
cucumber.runner.Runner.runPickle(Runner.java:80)&#13;
org.eclipse.jdt.internal.junit4.runner.JUnit4TestReference.run(JUnit4TestReference.java:89)&#13;
org.eclipse.jdt.internal.junit.runner.TestExecution.run(TestExecution.java:41)&#13;
org.eclipse.jdt.internal.junit.runner.RemoteTestRunner.runTests(RemoteTestRunner.java:541)&#13;
org.eclipse.jdt.internal.junit.runner.RemoteTestRunner.runTests(RemoteTestRunner.java:763)&#13;
org.eclipse.jdt.internal.junit.runner.RemoteTestRunner.run(RemoteTestRunner.java:463)&#13;
org.eclipse.jdt.internal.junit.runner.RemoteTestRunner.main(RemoteTestRunner.java:209)&#13;
</system-err></testcase></testsuite>